[debug] [2025-12-17T19:21:22.725Z] ----------------------------------------------------------------------
[debug] [2025-12-17T19:21:22.730Z] Command:       C:\Program Files\APP\node.exe C:\Users\hp\AppData\Roaming\npm\node_modules\firebase-tools\lib\bin\firebase.js emulators:start --only functions
[debug] [2025-12-17T19:21:22.731Z] CLI Version:   15.0.0
[debug] [2025-12-17T19:21:22.731Z] Platform:      win32
[debug] [2025-12-17T19:21:22.731Z] Node Version:  v22.21.0
[debug] [2025-12-17T19:21:22.731Z] Time:          Wed Dec 17 2025 22:21:22 GMT+0300 (East Africa Time)
[debug] [2025-12-17T19:21:22.731Z] ----------------------------------------------------------------------
[debug] 
[debug] [2025-12-17T19:21:35.280Z] > command requires scopes: ["email","openid","https://www.googleapis.com/auth/cloudplatformprojects.readonly","https://www.googleapis.com/auth/firebase","https://www.googleapis.com/auth/cloud-platform"]
[debug] [2025-12-17T19:21:35.281Z] > authorizing via signed-in user (abudy6038@gmail.com)
[info] i  emulators: Starting emulators: functions {"metadata":{"emulator":{"name":"hub"},"message":"Starting emulators: functions"}}
[debug] [2025-12-17T19:21:35.289Z] [logging] Logging Emulator only supports listening on one address (127.0.0.1). Not listening on ::1
[debug] [2025-12-17T19:21:35.289Z] assigned listening specs for emulators {"user":{"hub":[{"address":"127.0.0.1","family":"IPv4","port":4400},{"address":"::1","family":"IPv6","port":4400}],"ui":[{"address":"127.0.0.1","family":"IPv4","port":4000},{"address":"::1","family":"IPv6","port":4000}],"logging":[{"address":"127.0.0.1","family":"IPv4","port":4500}]},"metadata":{"message":"assigned listening specs for emulators"}}
[debug] [2025-12-17T19:21:35.293Z] Emulator locator file path: C:\Users\hp\AppData\Local\Temp\hub-fir-196c7.json
[debug] [2025-12-17T19:21:35.293Z] [hub] writing locator at C:\Users\hp\AppData\Local\Temp\hub-fir-196c7.json
[debug] [2025-12-17T19:21:35.305Z] [functions] Functions Emulator only supports listening on one address (127.0.0.1). Not listening on ::1
[debug] [2025-12-17T19:21:35.305Z] [eventarc] Eventarc Emulator only supports listening on one address (127.0.0.1). Not listening on ::1
[debug] [2025-12-17T19:21:35.305Z] [tasks] Cloud Tasks Emulator only supports listening on one address (127.0.0.1). Not listening on ::1
[debug] [2025-12-17T19:21:35.305Z] late-assigned ports for functions and eventarc emulators {"user":{"hub":[{"address":"127.0.0.1","family":"IPv4","port":4400},{"address":"::1","family":"IPv6","port":4400}],"ui":[{"address":"127.0.0.1","family":"IPv4","port":4000},{"address":"::1","family":"IPv6","port":4000}],"logging":[{"address":"127.0.0.1","family":"IPv4","port":4500}],"functions":[{"address":"127.0.0.1","family":"IPv4","port":5001}],"eventarc":[{"address":"127.0.0.1","family":"IPv4","port":9299}],"tasks":[{"address":"127.0.0.1","family":"IPv4","port":9499}]},"metadata":{"message":"late-assigned ports for functions and eventarc emulators"}}
[warn] !  functions: The following emulators are not running, calls to these services from the Functions emulator will affect production: apphosting, auth, firestore, database, hosting, pubsub, storage, dataconnect {"metadata":{"emulator":{"name":"functions"},"message":"The following emulators are not running, calls to these services from the Functions emulator will affect production: \u001b[1mapphosting, auth, firestore, database, hosting, pubsub, storage, dataconnect\u001b[22m"}}
[debug] [2025-12-17T19:21:35.318Z] defaultcredentials: writing to file C:\Users\hp\AppData\Roaming\firebase\abudy6038_gmail_com_application_default_credentials.json
[debug] [2025-12-17T19:21:35.319Z] Setting GAC to C:\Users\hp\AppData\Roaming\firebase\abudy6038_gmail_com_application_default_credentials.json {"metadata":{"emulator":{"name":"functions"},"message":"Setting GAC to C:\\Users\\hp\\AppData\\Roaming\\firebase\\abudy6038_gmail_com_application_default_credentials.json"}}
[debug] [2025-12-17T19:21:35.319Z] Checked if tokens are valid: true, expires at: 1766002282071
[debug] [2025-12-17T19:21:35.319Z] Checked if tokens are valid: true, expires at: 1766002282071
[debug] [2025-12-17T19:21:35.320Z] >>> [apiv2][query] GET https://firebase.googleapis.com/v1beta1/projects/fir-196c7/adminSdkConfig [none]
[debug] [2025-12-17T19:21:36.553Z] <<< [apiv2][status] GET https://firebase.googleapis.com/v1beta1/projects/fir-196c7/adminSdkConfig 200
[debug] [2025-12-17T19:21:36.553Z] <<< [apiv2][body] GET https://firebase.googleapis.com/v1beta1/projects/fir-196c7/adminSdkConfig {"projectId":"fir-196c7","storageBucket":"fir-196c7.firebasestorage.app"}
[info] i  functions: Watching "C:\Users\hp\Desktop\projuct\AMAZON\amazon-app\functions" for Cloud Functions... {"metadata":{"emulator":{"name":"functions"},"message":"Watching \"C:\\Users\\hp\\Desktop\\projuct\\AMAZON\\amazon-app\\functions\" for Cloud Functions..."}}
[debug] [2025-12-17T19:21:36.804Z] Validating nodejs source
[debug] [2025-12-17T19:21:46.880Z] checkFunctionsSDKVersion was unable to fetch information from NPM Error: spawnSync C:\WINDOWS\system32\cmd.exe ETIMEDOUT
    at Object.spawnSync (node:internal/child_process:1120:20)
    at Object.spawnSync (node:child_process:902:24)
    at Function.spawnSync [as sync] (C:\Users\hp\AppData\Roaming\npm\node_modules\firebase-tools\node_modules\cross-spawn\index.js:26:23)
    at Object.getLatestSDKVersion (C:\Users\hp\AppData\Roaming\npm\node_modules\firebase-tools\lib\deploy\functions\runtimes\node\versioning.js:54:25)
    at Object.checkFunctionsSDKVersion (C:\Users\hp\AppData\Roaming\npm\node_modules\firebase-tools\lib\deploy\functions\runtimes\node\versioning.js:74:32)
    at Delegate.validate (C:\Users\hp\AppData\Roaming\npm\node_modules\firebase-tools\lib\deploy\functions\runtimes\node\index.js:88:20)
    at FunctionsEmulator.discoverTriggers (C:\Users\hp\AppData\Roaming\npm\node_modules\firebase-tools\lib\emulator\functionsEmulator.js:319:35)
    at async FunctionsEmulator.loadTriggers (C:\Users\hp\AppData\Roaming\npm\node_modules\firebase-tools\lib\emulator\functionsEmulator.js:361:34)
    at async FunctionsEmulator.connect (C:\Users\hp\AppData\Roaming\npm\node_modules\firebase-tools\lib\emulator\functionsEmulator.js:281:13)
    at async Object.startAll (C:\Users\hp\AppData\Roaming\npm\node_modules\firebase-tools\lib\emulator\controller.js:677:13)
[debug] [2025-12-17T19:21:46.882Z] > [functions] package.json contents: {
  "name": "functions",
  "description": "Cloud Functions for Firebase",
  "scripts": {
    "serve": "firebase emulators:start --only functions",
    "shell": "firebase functions:shell",
    "start": "npm run shell",
    "deploy": "firebase deploy --only functions",
    "logs": "firebase functions:log"
  },
  "engines": {
    "node": "24"
  },
  "main": "index.js",
  "dependencies": {
    "cors": "^2.8.5",
    "dotenv": "^17.2.3",
    "express": "^5.2.1",
    "firebase-admin": "^13.6.0",
    "firebase-functions": "^7.0.0",
    "stripe": "^20.0.0"
  },
  "devDependencies": {
    "firebase-functions-test": "^3.4.1"
  },
  "private": true
}
[debug] [2025-12-17T19:21:46.883Z] Building nodejs source
[debug] [2025-12-17T19:21:46.885Z] Failed to find version of module node: reached end of search path C:\Users\hp\Desktop\projuct\AMAZON\amazon-app\functions\node_modules
[warn] !  functions: Your requested "node" version "24" doesn't match your global version "22". Using node@22 from host. 
[info] i  functions: Loaded environment variables from .env. 
[debug] [2025-12-17T19:21:46.901Z] Could not find functions.yaml. Must use http discovery
[debug] [2025-12-17T19:21:46.914Z] Found firebase-functions binary at 'C:\Users\hp\Desktop\projuct\AMAZON\amazon-app\functions\node_modules\.bin\firebase-functions'
[info] Serving at port 8591

[info] [dotenv@17.2.3] injecting env (1) from .env -- tip: ⚙️  load multiple .env files with { path: ['.env.local', '.env'] }

[debug] [2025-12-17T19:21:52.036Z] Got response from /__/functions.yaml {"endpoints":{"api":{"availableMemoryMb":null,"timeoutSeconds":null,"minInstances":null,"maxInstances":10,"ingressSettings":null,"concurrency":null,"serviceAccountEmail":null,"vpc":null,"platform":"gcfv2","labels":{},"httpsTrigger":{},"entryPoint":"api"}},"specVersion":"v1alpha1","requiredAPIs":[],"extensions":{}}
[info] +  functions: Loaded functions definitions from source: api. {"metadata":{"emulator":{"name":"functions"},"message":"Loaded functions definitions from source: api."}}
[info] +  functions[us-central1-api]: http function initialized (http://127.0.0.1:5001/fir-196c7/us-central1/api). {"metadata":{"emulator":{"name":"functions"},"message":"\u001b[1mhttp\u001b[22m function initialized (http://127.0.0.1:5001/fir-196c7/us-central1/api)."}}
[debug] [2025-12-17T19:21:56.184Z] Could not find VSCode notification endpoint: FetchError: request to http://localhost:40001/vscode/notify failed, reason: . If you are not running the Firebase Data Connect VSCode extension, this is expected and not an issue.
[info] 
┌─────────────────────────────────────────────────────────────┐
│ ✔  All emulators ready! It is now safe to connect your app. │
│ i  View Emulator UI at http://127.0.0.1:4000/               │
└─────────────────────────────────────────────────────────────┘

┌───────────┬────────────────┬─────────────────────────────────┐
│ Emulator  │ Host:Port      │ View in Emulator UI             │
├───────────┼────────────────┼─────────────────────────────────┤
│ Functions │ 127.0.0.1:5001 │ http://127.0.0.1:4000/functions │
└───────────┴────────────────┴─────────────────────────────────┘
  Emulator Hub host: 127.0.0.1 port: 4400
  Other reserved ports: 4500

Issues? Report them at https://github.com/firebase/firebase-tools/issues and attach the *-debug.log files.
 
